<?xml version="1.0" encoding="UTF-8"?>
<testng-results ignored="0" total="2" passed="2" failed="0" skipped="0">
  <reporter-output>
  </reporter-output>
  <suite started-at="2020-06-26T07:18:41Z" name="Default suite" finished-at="2020-06-26T07:18:41Z" duration-ms="58">
    <groups>
    </groups>
    <test started-at="2020-06-26T07:18:41Z" name="Default test" finished-at="2020-06-26T07:18:41Z" duration-ms="58">
      <class name="com.onemg.base.testng">
        <test-method signature="logintest(java.lang.String, java.lang.String)[pri:0, instance:com.onemg.base.testng@434a63ab]" started-at="2020-06-26T07:18:41Z" name="logintest" data-provider="getdata" finished-at="2020-06-26T07:18:41Z" duration-ms="11" status="PASS">
          <params>
            <param index="0">
              <value>
                <![CDATA[firstUID]]>
              </value>
            </param>
            <param index="1">
              <value>
                <![CDATA[firstpwd]]>
              </value>
            </param>
          </params>
          <reporter-output>
          </reporter-output>
        </test-method> <!-- logintest -->
        <test-method signature="logintest(java.lang.String, java.lang.String)[pri:0, instance:com.onemg.base.testng@434a63ab]" started-at="2020-06-26T07:18:41Z" name="logintest" data-provider="getdata" finished-at="2020-06-26T07:18:41Z" duration-ms="2" status="PASS">
          <params>
            <param index="0">
              <value>
                <![CDATA[SecondUID]]>
              </value>
            </param>
            <param index="1">
              <value>
                <![CDATA[Secondpwd]]>
              </value>
            </param>
          </params>
          <reporter-output>
          </reporter-output>
        </test-method> <!-- logintest -->
      </class> <!-- com.onemg.base.testng -->
    </test> <!-- Default test -->
  </suite> <!-- Default suite -->
</testng-results>
